<?xml version="1.0" encoding="UTF-8"?>
<!-- Generated by org.testng.reporters.JUnitReportReporter -->
<testsuite hostname="LAPTOP-SMFGHJQE" failures="0" tests="2" name="Runner.FailedRerun" time="15.892" errors="0" timestamp="2025-09-09T10:53:26 IST" skipped="0">
  <testcase classname="Runner.FailedRerun" name="runScenario" time="9.698"/>
  <system-out/>
  <testcase classname="Runner.FailedRerun" name="runScenario" time="6.194"/>
  <system-out/>
</testsuite> <!-- Runner.FailedRerun -->
