<?xml version="1.0" encoding="UTF-8"?>
<!-- Generated by org.testng.reporters.JUnitReportReporter -->
<testsuite hostname="LAPTOP-SMFGHJQE" failures="0" tests="2" name="Runner.Runnerclass" time="11.402" errors="0" timestamp="2025-09-09T12:28:11 IST" skipped="0">
  <testcase classname="Runner.Runnerclass" name="runScenario" time="6.441"/>
  <system-out/>
  <testcase classname="Runner.Runnerclass" name="runScenario" time="4.961"/>
  <system-out/>
</testsuite> <!-- Runner.Runnerclass -->
