<?xml version="1.0" encoding="UTF-8"?>
<!-- Generated by org.testng.reporters.JUnitReportReporter -->
<testsuite hostname="LAPTOP-SMFGHJQE" failures="0" tests="1" name="T1.C2" time="0.002" errors="0" timestamp="2025-09-09T12:25:10 IST" skipped="0">
  <testcase classname="T1.C2" name="Test2" time="0.002"/>
  <system-out/>
</testsuite> <!-- T1.C2 -->
