<?xml version="1.0" encoding="UTF-8"?>
<!-- Generated by org.testng.reporters.JUnitReportReporter -->
<testsuite hostname="LAPTOP-SMFGHJQE" failures="0" tests="2" name="T1.C1" time="0.194" errors="0" timestamp="2025-09-09T12:25:10 IST" skipped="0">
  <testcase classname="T1.C1" name="Test2" time="0.013"/>
  <system-out/>
  <testcase classname="T1.C1" name="Test1" time="0.181"/>
  <system-out/>
</testsuite> <!-- T1.C1 -->
